14:47:59.833 [main] INFO  utils.Base - log w hook2
14:48:06.094 [main] ERROR utils.Base - Nie udało się usunąć pliku logów: C:\Users\user\IdeaProjects\TMobileSelenium\target\logs\selenium.log
14:48:07.689 [main] INFO  utils.Base - log w base
14:48:07.693 [main] INFO  utils.Base - scenario name: Choose smartwatch from product list
14:49:19.371 [main] ERROR utils.Base - Nie udało się usunąć pliku logów: C:\Users\user\IdeaProjects\TMobileSelenium\target\logs\selenium.log
14:49:21.206 [main] INFO  utils.Base - log w hook2
14:53:39.491 [main] INFO  utils.Base - log w base
14:53:39.491 [main] INFO  utils.Base - scenario name: Choose smartwatch from product list
14:57:49.455 [main] ERROR utils.Base - Nie udało się usunąć pliku logów: C:\Users\user\IdeaProjects\TMobileSelenium\target\logs\selenium.log
14:57:49.455 [main] INFO  utils.Base - log w hook2
14:57:49.455 [main] INFO  utils.Base - log w base
14:57:49.455 [main] INFO  utils.Base - scenario name: Choose smartwatch from product list
14:57:56.177 [main] INFO  pages.HomePage - otworzono
14:58:20.148 [main] INFO  pages.HomePage - otworzono
14:58:20.197 [main] INFO  utils.Base - ==========================================================================================
14:58:20.214 [main] INFO  utils.Base - scenario name: Choose smartwatch from product list finished with result: PASSED
14:58:20.214 [main] INFO  utils.Base - ==========================================================================================
15:01:08.196 [main] ERROR utils.Base - Nie udało się usunąć pliku logów: C:\Users\user\IdeaProjects\TMobileSelenium\target\logs\selenium.log
15:01:08.212 [main] INFO  utils.Base - log w hook2
15:01:08.212 [main] INFO  utils.Base - ==========================================================================================
15:01:08.212 [main] INFO  utils.Base - scenario name: Choose smartwatch from product list
15:01:08.212 [main] INFO  utils.Base - ==========================================================================================
15:01:14.740 [main] INFO  pages.HomePage - otworzono
15:01:30.698 [main] INFO  pages.HomePage - otworzono
15:01:30.764 [main] INFO  utils.Base - ==========================================================================================
15:01:30.764 [main] INFO  utils.Base - scenario name: Choose smartwatch from product list finished with result: PASSED
15:01:30.764 [main] INFO  utils.Base - ==========================================================================================
15:03:06.289 [main] ERROR utils.Base - Nie udało się usunąć pliku logów: C:\Users\user\IdeaProjects\TMobileSelenium\target\logs\selenium.log
15:03:06.289 [main] INFO  utils.Base - log w hook2
15:03:06.289 [main] INFO  utils.Base - ==========================================================================================
15:03:06.289 [main] INFO  utils.Base - scenario name: Choose smartwatch from product list
15:03:06.289 [main] INFO  utils.Base - ==========================================================================================
15:03:26.469 [main] INFO  utils.Base - ==========================================================================================
15:03:26.469 [main] INFO  utils.Base - scenario name: Choose smartwatch from product list finished with result: PASSED
15:03:26.469 [main] INFO  utils.Base - ==========================================================================================
15:07:56.799 [main] ERROR utils.Base - Nie udało się usunąć pliku logów: C:\Users\user\IdeaProjects\TMobileSelenium\target\logs\selenium.log
15:07:56.799 [main] INFO  utils.Base - log w hook2
15:07:56.799 [main] INFO  utils.Base - ==========================================================================================
15:07:56.799 [main] INFO  utils.Base - scenario name: Choose smartwatch from product list
15:07:56.799 [main] INFO  utils.Base - ==========================================================================================
15:08:02.881 [main] INFO  utils.Base - ==========================================================================================
15:08:02.881 [main] INFO  utils.Base - scenario name: Choose smartwatch from product list finished with result: FAILED
15:08:02.881 [main] INFO  utils.Base - ==========================================================================================
15:08:19.392 [main] ERROR utils.Base - Nie udało się usunąć pliku logów: C:\Users\user\IdeaProjects\TMobileSelenium\target\logs\selenium.log
15:08:19.392 [main] INFO  utils.Base - log w hook2
15:08:19.392 [main] INFO  utils.Base - ==========================================================================================
15:08:19.392 [main] INFO  utils.Base - scenario name: Choose smartwatch from product list
15:08:19.392 [main] INFO  utils.Base - ==========================================================================================
15:08:24.783 [main] INFO  utils.Base - ==========================================================================================
15:08:24.797 [main] INFO  utils.Base - scenario name: Choose smartwatch from product list finished with result: FAILED
15:08:24.797 [main] INFO  utils.Base - ==========================================================================================
15:08:56.993 [main] ERROR utils.Base - Nie udało się usunąć pliku logów: C:\Users\user\IdeaProjects\TMobileSelenium\target\logs\selenium.log
15:08:56.993 [main] INFO  utils.Base - log w hook2
15:08:56.993 [main] INFO  utils.Base - ==========================================================================================
15:08:56.993 [main] INFO  utils.Base - scenario name: Choose smartwatch from product list
15:08:56.993 [main] INFO  utils.Base - ==========================================================================================
15:09:16.880 [main] INFO  utils.Base - ==========================================================================================
15:09:16.894 [main] INFO  utils.Base - scenario name: Choose smartwatch from product list finished with result: PASSED
15:09:16.894 [main] INFO  utils.Base - ==========================================================================================
15:11:06.538 [main] ERROR utils.Base - Nie udało się usunąć pliku logów: C:\Users\user\IdeaProjects\TMobileSelenium\target\logs\selenium.log
15:11:06.538 [main] INFO  utils.Base - log w hook2
15:11:06.538 [main] INFO  utils.Base - ==========================================================================================
15:11:06.538 [main] INFO  utils.Base - scenario name: Choose smartwatch from product list
15:11:06.538 [main] INFO  utils.Base - ==========================================================================================
15:11:26.381 [main] INFO  utils.Base - ==========================================================================================
15:11:26.381 [main] INFO  utils.Base - scenario name: Choose smartwatch from product list finished with result: PASSED
15:11:26.381 [main] INFO  utils.Base - ==========================================================================================
